Traceback (most recent call last):
  File "/home/ubuntu/.local/share/letsencrypt/bin/letsencrypt", line 11, in <module>
    sys.exit(main())
  File "/home/ubuntu/.local/share/letsencrypt/local/lib/python2.7/site-packages/certbot/main.py", line 738, in main
    args = cli.prepare_and_parse_args(plugins, cli_args)
  File "/home/ubuntu/.local/share/letsencrypt/local/lib/python2.7/site-packages/certbot/cli.py", line 1084, in prepare_and_parse_args
    return helpful.parse_args()
  File "/home/ubuntu/.local/share/letsencrypt/local/lib/python2.7/site-packages/certbot/cli.py", line 526, in parse_args
    parsed_args = self.parser.parse_args(self.args)
  File "/home/ubuntu/.local/share/letsencrypt/local/lib/python2.7/site-packages/configargparse.py", line 216, in parse_args
    env_vars = env_vars)
  File "/home/ubuntu/.local/share/letsencrypt/local/lib/python2.7/site-packages/configargparse.py", line 349, in parse_known_args
    self, args=args, namespace=namespace)
  File "/usr/lib/python2.7/argparse.py", line 1733, in parse_known_args
    namespace, args = self._parse_known_args(args, namespace)
  File "/usr/lib/python2.7/argparse.py", line 1939, in _parse_known_args
    start_index = consume_optional(start_index)
  File "/usr/lib/python2.7/argparse.py", line 1879, in consume_optional
    take_action(action, args, option_string)
  File "/usr/lib/python2.7/argparse.py", line 1807, in take_action
    action(self, namespace, argument_values, option_string)
  File "/home/ubuntu/.local/share/letsencrypt/local/lib/python2.7/site-packages/certbot/cli.py", line 1226, in __call__
    add_domains(namespace, domain)
  File "/home/ubuntu/.local/share/letsencrypt/local/lib/python2.7/site-packages/certbot/cli.py", line 1245, in add_domains
    domain = util.enforce_domain_sanity(domain.strip())
  File "/home/ubuntu/.local/share/letsencrypt/local/lib/python2.7/site-packages/certbot/util.py", line 520, in enforce_domain_sanity
    "bare IP address.".format(domain))
ConfigurationError: Requested name 52.56.222.113 is an IP address. The Let's Encrypt certificate authority will not issue certificates for a bare IP address.
